c:\users\pc-kun\desktop\opengl\helloopengl\helloopengl\x64\debug\vc142.pdb
c:\users\pc-kun\desktop\opengl\helloopengl\helloopengl\x64\debug\vc142.idb
c:\users\pc-kun\desktop\opengl\helloopengl\helloopengl\x64\debug\glad.obj
c:\users\pc-kun\desktop\opengl\helloopengl\helloopengl\x64\debug\ebo.obj
c:\users\pc-kun\desktop\opengl\helloopengl\helloopengl\x64\debug\vbo.obj
c:\users\pc-kun\desktop\opengl\helloopengl\helloopengl\x64\debug\vao.obj
c:\users\pc-kun\desktop\opengl\helloopengl\helloopengl\x64\debug\main.obj
c:\users\pc-kun\desktop\opengl\helloopengl\helloopengl\x64\debug\shaderclass.obj
c:\users\pc-kun\desktop\opengl\helloopengl\helloopengl\x64\debug\stb.obj
c:\users\pc-kun\desktop\opengl\helloopengl\helloopengl\x64\debug\texture.obj
c:\users\pc-kun\desktop\opengl\helloopengl\helloopengl\x64\debug\camera.obj
c:\users\pc-kun\desktop\opengl\helloopengl\helloopengl\x64\debug\mesh.obj
c:\users\pc-kun\desktop\opengl\helloopengl\helloopengl\x64\debug\model.obj
c:\users\pc-kun\desktop\opengl\helloopengl\x64\debug\helloopengl.exe
c:\users\pc-kun\desktop\opengl\helloopengl\helloopengl\x64\debug\helloopengl.ilk
c:\users\pc-kun\desktop\opengl\helloopengl\x64\debug\helloopengl.pdb
c:\users\pc-kun\desktop\opengl\helloopengl\helloopengl\x64\debug\model.obj.enc
c:\users\pc-kun\desktop\opengl\helloopengl\helloopengl\x64\debug\texture.obj.enc
c:\users\pc-kun\desktop\opengl\helloopengl\helloopengl\x64\debug\helloopengl.tlog\cl.command.1.tlog
c:\users\pc-kun\desktop\opengl\helloopengl\helloopengl\x64\debug\helloopengl.tlog\cl.read.1.tlog
c:\users\pc-kun\desktop\opengl\helloopengl\helloopengl\x64\debug\helloopengl.tlog\cl.write.1.tlog
c:\users\pc-kun\desktop\opengl\helloopengl\helloopengl\x64\debug\helloopengl.tlog\link.command.1.tlog
c:\users\pc-kun\desktop\opengl\helloopengl\helloopengl\x64\debug\helloopengl.tlog\link.read.1.tlog
c:\users\pc-kun\desktop\opengl\helloopengl\helloopengl\x64\debug\helloopengl.tlog\link.write.1.tlog
